<?xml version="1.0" encoding="UTF-8"?>
<!-- Generated by org.testng.reporters.JUnitXMLReporter -->
<testsuite ignored="0" hostname="DESKTOP-DMRV8GN" failures="0" tests="1" name="Test-Runner-Firefox" time="10.744" errors="0" timestamp="2025-03-06T12:31:16 IST">
  <testcase classname="inventoryTests.AddLowestPriceproductToCartTestNGTest" name="tc_002_AddLowestPriceproductToCart" time="1.296"/>
</testsuite> <!-- Test-Runner-Firefox -->
