<?xml version="1.0" encoding="UTF-8"?>
<!-- Generated by org.testng.reporters.JUnitXMLReporter -->
<testsuite ignored="0" hostname="DESKTOP-DMRV8GN" failures="0" tests="1" name="Test-Runner-2" time="5.435" errors="0" timestamp="2025-03-05T15:11:01 IST">
  <testcase classname="inventoryTests.AddLowestPriceproductToCartTestNGTest" name="tc_002_AddLowestPriceproductToCart" time="1.502"/>
</testsuite> <!-- Test-Runner-2 -->
