<?xml version="1.0" encoding="UTF-8"?>
<!-- Generated by org.testng.reporters.JUnitXMLReporter -->
<testsuite ignored="0" hostname="DESKTOP-DMRV8GN" failures="0" tests="1" name="Test-Runner-1" time="5.234" errors="0" timestamp="2025-03-05T15:11:00 IST">
  <testcase classname="inventoryTests.AddProductsToCartTestNGTest" name="tc_001_AddProductsToCart" time="1.414"/>
</testsuite> <!-- Test-Runner-1 -->
