<?xml version="1.0" encoding="UTF-8"?>
<!-- Generated by org.testng.reporters.JUnitXMLReporter -->
<testsuite ignored="0" hostname="DESKTOP-DMRV8GN" failures="0" tests="1" name="Test-Runner-Edge" time="7.823" errors="0" timestamp="2025-03-06T12:31:13 IST">
  <testcase classname="inventoryTests.AddLowestPriceproductToCartTestNGTest" name="tc_002_AddLowestPriceproductToCart" time="2.128"/>
</testsuite> <!-- Test-Runner-Edge -->
