<?xml version="1.0" encoding="UTF-8"?>
<!-- Generated by org.testng.reporters.JUnitReportReporter -->
<testsuite hostname="DESKTOP-DMRV8GN" failures="0" tests="1" name="practice.JDBCSampleProgram" time="0.935" errors="0" timestamp="2025-03-21T20:32:23 IST" skipped="0">
  <testcase classname="practice.JDBCSampleProgram" name="executeQuerySample" time="0.935"/>
</testsuite> <!-- practice.JDBCSampleProgram -->
