<?xml version="1.0" encoding="UTF-8"?>
<!-- Generated by org.testng.reporters.JUnitReportReporter -->
<testsuite hostname="DESKTOP-DMRV8GN" failures="0" tests="2" name="inventoryTests.AddLowestPriceproductToCartTestNGTest" time="5.204" errors="0" timestamp="2025-03-06T12:31:16 IST" skipped="0">
  <testcase classname="inventoryTests.AddLowestPriceproductToCartTestNGTest" name="tc_002_AddLowestPriceproductToCart" time="2.896"/>
  <testcase classname="inventoryTests.AddLowestPriceproductToCartTestNGTest" name="tc_002_AddLowestPriceproductToCart" time="2.308"/>
</testsuite> <!-- inventoryTests.AddLowestPriceproductToCartTestNGTest -->
