<?xml version="1.0" encoding="UTF-8"?>
<!-- Generated by org.testng.reporters.JUnitReportReporter -->
<testsuite hostname="DESKTOP-DMRV8GN" failures="0" tests="17" name="practice.TestNGPractice" time="8.339" errors="0" timestamp="2025-03-04T14:44:21 IST" skipped="1">
  <testcase classname="practice.TestNGPractice" name="sampleFive" time="0.006"/>
  <testcase classname="practice.TestNGPractice" name="sampleFive" time="0.000"/>
  <testcase classname="practice.TestNGPractice" name="sampleFive" time="0.002"/>
  <testcase classname="practice.TestNGPractice" name="sampleFive" time="0.002"/>
  <testcase classname="practice.TestNGPractice" name="sampleFive" time="0.002"/>
  <testcase classname="practice.TestNGPractice" name="sampleFourth" time="0.002"/>
  <testcase classname="practice.TestNGPractice" name="sampleFourth" time="0.002"/>
  <testcase classname="practice.TestNGPractice" name="sampleFourth" time="0.002"/>
  <testcase classname="practice.TestNGPractice" name="testCase" time="2.640"/>
  <testcase classname="practice.TestNGPractice" name="testCase" time="2.930"/>
  <testcase classname="practice.TestNGPractice" name="sampleFourth" time="0.003"/>
  <testcase classname="practice.TestNGPractice" name="sampleFirst" time="0.002"/>
  <testcase classname="practice.TestNGPractice" name="testCase" time="2.743"/>
  <testcase classname="practice.TestNGPractice" name="sampleThird" time="0.000"/>
  <testcase classname="practice.TestNGPractice" name="sampleThird" time="0.003"/>
  <testcase classname="practice.TestNGPractice" name="sampleThird" time="0.000"/>
  <testcase classname="practice.TestNGPractice" name="sampleSecond">
    <skipped/>
  </testcase> <!-- sampleSecond -->
</testsuite> <!-- practice.TestNGPractice -->
